<?xml version="1.0" encoding="UTF-8"?>
<testsuite name="com.example.ApplicationTest" tests="3" skipped="0" failures="2" errors="0" timestamp="2022-03-27T04:28:52" hostname="MSI" time="0.782">
  <properties/>
  <testcase name="access popular clothing endpoint, query all pages, assert correct information" classname="com.example.ApplicationTest" time="0.765">
    <failure message="java.lang.AssertionError: expected:&lt;ApiResponse(success=true, message=ok, prevPage=null, nextPage=2, allClothing=[Clothing(id=1, name=accessories1, image=/images/clothing/accessories1.jpg, about=all clothing, price=69.99), Clothing(id=2, name=accessories2, image=/images/clothing/accessories2.jpg, about=all clothing, price=27.99), Clothing(id=3, name=accessories3, image=/images/clothing/accessories3.jpg, about=all clothing, price=91.99), Clothing(id=4, name=accessories4, image=/images/clothing/accessories4.jpeg, about=all clothing, price=19.99), Clothing(id=5, name=accessories5, image=/images/clothing/accessories5.jpg, about=all clothing, price=30.99)], lastUpdated=1648355333069)&gt; but was:&lt;ApiResponse(success=true, message=ok, prevPage=null, nextPage=2, allClothing=[Clothing(id=1, name=accessories1, image=/images/clothing/accessories1.jpg, about=all clothing, price=69.99), Clothing(id=2, name=accessories2, image=/images/clothing/accessories2.jpg, about=all clothing, price=27.99), Clothing(id=3, name=accessories3, image=/images/clothing/accessories3.jpg, about=all clothing, price=91.99), Clothing(id=4, name=accessories4, image=/images/clothing/accessories4.jpeg, about=all clothing, price=19.99)], lastUpdated=1648355333069)&gt;" type="java.lang.AssertionError">java.lang.AssertionError: expected:&lt;ApiResponse(success=true, message=ok, prevPage=null, nextPage=2, allClothing=[Clothing(id=1, name=accessories1, image=/images/clothing/accessories1.jpg, about=all clothing, price=69.99), Clothing(id=2, name=accessories2, image=/images/clothing/accessories2.jpg, about=all clothing, price=27.99), Clothing(id=3, name=accessories3, image=/images/clothing/accessories3.jpg, about=all clothing, price=91.99), Clothing(id=4, name=accessories4, image=/images/clothing/accessories4.jpeg, about=all clothing, price=19.99), Clothing(id=5, name=accessories5, image=/images/clothing/accessories5.jpg, about=all clothing, price=30.99)], lastUpdated=1648355333069)&gt; but was:&lt;ApiResponse(success=true, message=ok, prevPage=null, nextPage=2, allClothing=[Clothing(id=1, name=accessories1, image=/images/clothing/accessories1.jpg, about=all clothing, price=69.99), Clothing(id=2, name=accessories2, image=/images/clothing/accessories2.jpg, about=all clothing, price=27.99), Clothing(id=3, name=accessories3, image=/images/clothing/accessories3.jpg, about=all clothing, price=91.99), Clothing(id=4, name=accessories4, image=/images/clothing/accessories4.jpeg, about=all clothing, price=19.99)], lastUpdated=1648355333069)&gt;
	at org.junit.Assert.fail(Assert.java:89)
	at org.junit.Assert.failNotEquals(Assert.java:835)
	at org.junit.Assert.assertEquals(Assert.java:120)
	at kotlin.test.junit.JUnitAsserter.assertEquals(JUnitSupport.kt:32)
	at kotlin.test.AssertionsKt__AssertionsKt.assertEquals(Assertions.kt:63)
	at kotlin.test.AssertionsKt.assertEquals(Unknown Source)
	at kotlin.test.AssertionsKt__AssertionsKt.assertEquals$default(Assertions.kt:62)
	at kotlin.test.AssertionsKt.assertEquals$default(Unknown Source)
	at com.example.ApplicationTest$access popular clothing endpoint, query all pages, assert correct information$2.invoke(ApplicationTest.kt:102)
	at com.example.ApplicationTest$access popular clothing endpoint, query all pages, assert correct information$2.invoke(ApplicationTest.kt:74)
	at io.ktor.server.testing.TestEngineKt$withTestApplication$1.invoke(TestEngine.kt:68)
	at io.ktor.server.testing.TestEngineKt$withTestApplication$1.invoke(TestEngine.kt:66)
	at io.ktor.server.testing.TestEngineKt.withApplication(TestEngine.kt:49)
	at io.ktor.server.testing.TestEngineKt.withApplication$default(TestEngine.kt:41)
	at io.ktor.server.testing.TestEngineKt.withTestApplication(TestEngine.kt:66)
	at com.example.ApplicationTest.access popular clothing endpoint, query all pages, assert correct information(ApplicationTest.kt:74)
	at java.base/jdk.internal.reflect.NativeMethodAccessorImpl.invoke0(Native Method)
	at java.base/jdk.internal.reflect.NativeMethodAccessorImpl.invoke(NativeMethodAccessorImpl.java:62)
	at java.base/jdk.internal.reflect.DelegatingMethodAccessorImpl.invoke(DelegatingMethodAccessorImpl.java:43)
	at java.base/java.lang.reflect.Method.invoke(Method.java:566)
	at org.junit.runners.model.FrameworkMethod$1.runReflectiveCall(FrameworkMethod.java:59)
	at org.junit.internal.runners.model.ReflectiveCallable.run(ReflectiveCallable.java:12)
	at org.junit.runners.model.FrameworkMethod.invokeExplosively(FrameworkMethod.java:56)
	at org.junit.internal.runners.statements.InvokeMethod.evaluate(InvokeMethod.java:17)
	at org.junit.runners.ParentRunner$3.evaluate(ParentRunner.java:306)
	at org.junit.runners.BlockJUnit4ClassRunner$1.evaluate(BlockJUnit4ClassRunner.java:100)
	at org.junit.runners.ParentRunner.runLeaf(ParentRunner.java:366)
	at org.junit.runners.BlockJUnit4ClassRunner.runChild(BlockJUnit4ClassRunner.java:103)
	at org.junit.runners.BlockJUnit4ClassRunner.runChild(BlockJUnit4ClassRunner.java:63)
	at org.junit.runners.ParentRunner$4.run(ParentRunner.java:331)
	at org.junit.runners.ParentRunner$1.schedule(ParentRunner.java:79)
	at org.junit.runners.ParentRunner.runChildren(ParentRunner.java:329)
	at org.junit.runners.ParentRunner.access$100(ParentRunner.java:66)
	at org.junit.runners.ParentRunner$2.evaluate(ParentRunner.java:293)
	at org.junit.runners.ParentRunner$3.evaluate(ParentRunner.java:306)
	at org.junit.runners.ParentRunner.run(ParentRunner.java:413)
	at org.gradle.api.internal.tasks.testing.junit.JUnitTestClassExecutor.runTestClass(JUnitTestClassExecutor.java:110)
	at org.gradle.api.internal.tasks.testing.junit.JUnitTestClassExecutor.execute(JUnitTestClassExecutor.java:58)
	at org.gradle.api.internal.tasks.testing.junit.JUnitTestClassExecutor.execute(JUnitTestClassExecutor.java:38)
	at org.gradle.api.internal.tasks.testing.junit.AbstractJUnitTestClassProcessor.processTestClass(AbstractJUnitTestClassProcessor.java:62)
	at org.gradle.api.internal.tasks.testing.SuiteTestClassProcessor.processTestClass(SuiteTestClassProcessor.java:51)
	at java.base/jdk.internal.reflect.NativeMethodAccessorImpl.invoke0(Native Method)
	at java.base/jdk.internal.reflect.NativeMethodAccessorImpl.invoke(NativeMethodAccessorImpl.java:62)
	at java.base/jdk.internal.reflect.DelegatingMethodAccessorImpl.invoke(DelegatingMethodAccessorImpl.java:43)
	at java.base/java.lang.reflect.Method.invoke(Method.java:566)
	at org.gradle.internal.dispatch.ReflectionDispatch.dispatch(ReflectionDispatch.java:36)
	at org.gradle.internal.dispatch.ReflectionDispatch.dispatch(ReflectionDispatch.java:24)
	at org.gradle.internal.dispatch.ContextClassLoaderDispatch.dispatch(ContextClassLoaderDispatch.java:33)
	at org.gradle.internal.dispatch.ProxyDispatchAdapter$DispatchingInvocationHandler.invoke(ProxyDispatchAdapter.java:94)
	at com.sun.proxy.$Proxy2.processTestClass(Unknown Source)
	at org.gradle.api.internal.tasks.testing.worker.TestWorker.processTestClass(TestWorker.java:121)
	at java.base/jdk.internal.reflect.NativeMethodAccessorImpl.invoke0(Native Method)
	at java.base/jdk.internal.reflect.NativeMethodAccessorImpl.invoke(NativeMethodAccessorImpl.java:62)
	at java.base/jdk.internal.reflect.DelegatingMethodAccessorImpl.invoke(DelegatingMethodAccessorImpl.java:43)
	at java.base/java.lang.reflect.Method.invoke(Method.java:566)
	at org.gradle.internal.dispatch.ReflectionDispatch.dispatch(ReflectionDispatch.java:36)
	at org.gradle.internal.dispatch.ReflectionDispatch.dispatch(ReflectionDispatch.java:24)
	at org.gradle.internal.remote.internal.hub.MessageHubBackedObjectConnection$DispatchWrapper.dispatch(MessageHubBackedObjectConnection.java:182)
	at org.gradle.internal.remote.internal.hub.MessageHubBackedObjectConnection$DispatchWrapper.dispatch(MessageHubBackedObjectConnection.java:164)
	at org.gradle.internal.remote.internal.hub.MessageHub$Handler.run(MessageHub.java:414)
	at org.gradle.internal.concurrent.ExecutorPolicy$CatchAndRecordFailures.onExecute(ExecutorPolicy.java:64)
	at org.gradle.internal.concurrent.ManagedExecutorImpl$1.run(ManagedExecutorImpl.java:48)
	at java.base/java.util.concurrent.ThreadPoolExecutor.runWorker(ThreadPoolExecutor.java:1128)
	at java.base/java.util.concurrent.ThreadPoolExecutor$Worker.run(ThreadPoolExecutor.java:628)
	at org.gradle.internal.concurrent.ThreadFactoryImpl$ManagedThreadRunnable.run(ThreadFactoryImpl.java:56)
	at java.base/java.lang.Thread.run(Thread.java:829)
</failure>
  </testcase>
  <testcase name="access all clothing endpoint, query all pages, assert correct information" classname="com.example.ApplicationTest" time="0.008">
    <failure message="java.lang.AssertionError: expected:&lt;ApiResponse(success=true, message=ok, prevPage=null, nextPage=2, allClothing=[Clothing(id=1, name=accessories1, image=/images/clothing/accessories1.jpg, about=all clothing, price=135.99), Clothing(id=2, name=accessories2, image=/images/clothing/accessories2.jpg, about=all clothing, price=103.99), Clothing(id=3, name=accessories3, image=/images/clothing/accessories3.jpg, about=all clothing, price=59.99), Clothing(id=4, name=accessories4, image=/images/clothing/accessories4.jpeg, about=all clothing, price=86.99), Clothing(id=5, name=accessories5, image=/images/clothing/accessories5.jpg, about=all clothing, price=34.99)], lastUpdated=1648355333367)&gt; but was:&lt;ApiResponse(success=true, message=ok, prevPage=null, nextPage=2, allClothing=[Clothing(id=1, name=accessories1, image=/images/clothing/accessories1.jpg, about=all clothing, price=135.99), Clothing(id=2, name=accessories2, image=/images/clothing/accessories2.jpg, about=all clothing, price=103.99), Clothing(id=3, name=accessories3, image=/images/clothing/accessories3.jpg, about=all clothing, price=59.99), Clothing(id=4, name=accessories4, image=/images/clothing/accessories4.jpeg, about=all clothing, price=86.99)], lastUpdated=1648355333367)&gt;" type="java.lang.AssertionError">java.lang.AssertionError: expected:&lt;ApiResponse(success=true, message=ok, prevPage=null, nextPage=2, allClothing=[Clothing(id=1, name=accessories1, image=/images/clothing/accessories1.jpg, about=all clothing, price=135.99), Clothing(id=2, name=accessories2, image=/images/clothing/accessories2.jpg, about=all clothing, price=103.99), Clothing(id=3, name=accessories3, image=/images/clothing/accessories3.jpg, about=all clothing, price=59.99), Clothing(id=4, name=accessories4, image=/images/clothing/accessories4.jpeg, about=all clothing, price=86.99), Clothing(id=5, name=accessories5, image=/images/clothing/accessories5.jpg, about=all clothing, price=34.99)], lastUpdated=1648355333367)&gt; but was:&lt;ApiResponse(success=true, message=ok, prevPage=null, nextPage=2, allClothing=[Clothing(id=1, name=accessories1, image=/images/clothing/accessories1.jpg, about=all clothing, price=135.99), Clothing(id=2, name=accessories2, image=/images/clothing/accessories2.jpg, about=all clothing, price=103.99), Clothing(id=3, name=accessories3, image=/images/clothing/accessories3.jpg, about=all clothing, price=59.99), Clothing(id=4, name=accessories4, image=/images/clothing/accessories4.jpeg, about=all clothing, price=86.99)], lastUpdated=1648355333367)&gt;
	at org.junit.Assert.fail(Assert.java:89)
	at org.junit.Assert.failNotEquals(Assert.java:835)
	at org.junit.Assert.assertEquals(Assert.java:120)
	at kotlin.test.junit.JUnitAsserter.assertEquals(JUnitSupport.kt:32)
	at kotlin.test.AssertionsKt__AssertionsKt.assertEquals(Assertions.kt:63)
	at kotlin.test.AssertionsKt.assertEquals(Unknown Source)
	at kotlin.test.AssertionsKt__AssertionsKt.assertEquals$default(Assertions.kt:62)
	at kotlin.test.AssertionsKt.assertEquals$default(Unknown Source)
	at com.example.ApplicationTest$access all clothing endpoint, query all pages, assert correct information$2.invoke(ApplicationTest.kt:64)
	at com.example.ApplicationTest$access all clothing endpoint, query all pages, assert correct information$2.invoke(ApplicationTest.kt:36)
	at io.ktor.server.testing.TestEngineKt$withTestApplication$1.invoke(TestEngine.kt:68)
	at io.ktor.server.testing.TestEngineKt$withTestApplication$1.invoke(TestEngine.kt:66)
	at io.ktor.server.testing.TestEngineKt.withApplication(TestEngine.kt:49)
	at io.ktor.server.testing.TestEngineKt.withApplication$default(TestEngine.kt:41)
	at io.ktor.server.testing.TestEngineKt.withTestApplication(TestEngine.kt:66)
	at com.example.ApplicationTest.access all clothing endpoint, query all pages, assert correct information(ApplicationTest.kt:36)
	at java.base/jdk.internal.reflect.NativeMethodAccessorImpl.invoke0(Native Method)
	at java.base/jdk.internal.reflect.NativeMethodAccessorImpl.invoke(NativeMethodAccessorImpl.java:62)
	at java.base/jdk.internal.reflect.DelegatingMethodAccessorImpl.invoke(DelegatingMethodAccessorImpl.java:43)
	at java.base/java.lang.reflect.Method.invoke(Method.java:566)
	at org.junit.runners.model.FrameworkMethod$1.runReflectiveCall(FrameworkMethod.java:59)
	at org.junit.internal.runners.model.ReflectiveCallable.run(ReflectiveCallable.java:12)
	at org.junit.runners.model.FrameworkMethod.invokeExplosively(FrameworkMethod.java:56)
	at org.junit.internal.runners.statements.InvokeMethod.evaluate(InvokeMethod.java:17)
	at org.junit.runners.ParentRunner$3.evaluate(ParentRunner.java:306)
	at org.junit.runners.BlockJUnit4ClassRunner$1.evaluate(BlockJUnit4ClassRunner.java:100)
	at org.junit.runners.ParentRunner.runLeaf(ParentRunner.java:366)
	at org.junit.runners.BlockJUnit4ClassRunner.runChild(BlockJUnit4ClassRunner.java:103)
	at org.junit.runners.BlockJUnit4ClassRunner.runChild(BlockJUnit4ClassRunner.java:63)
	at org.junit.runners.ParentRunner$4.run(ParentRunner.java:331)
	at org.junit.runners.ParentRunner$1.schedule(ParentRunner.java:79)
	at org.junit.runners.ParentRunner.runChildren(ParentRunner.java:329)
	at org.junit.runners.ParentRunner.access$100(ParentRunner.java:66)
	at org.junit.runners.ParentRunner$2.evaluate(ParentRunner.java:293)
	at org.junit.runners.ParentRunner$3.evaluate(ParentRunner.java:306)
	at org.junit.runners.ParentRunner.run(ParentRunner.java:413)
	at org.gradle.api.internal.tasks.testing.junit.JUnitTestClassExecutor.runTestClass(JUnitTestClassExecutor.java:110)
	at org.gradle.api.internal.tasks.testing.junit.JUnitTestClassExecutor.execute(JUnitTestClassExecutor.java:58)
	at org.gradle.api.internal.tasks.testing.junit.JUnitTestClassExecutor.execute(JUnitTestClassExecutor.java:38)
	at org.gradle.api.internal.tasks.testing.junit.AbstractJUnitTestClassProcessor.processTestClass(AbstractJUnitTestClassProcessor.java:62)
	at org.gradle.api.internal.tasks.testing.SuiteTestClassProcessor.processTestClass(SuiteTestClassProcessor.java:51)
	at java.base/jdk.internal.reflect.NativeMethodAccessorImpl.invoke0(Native Method)
	at java.base/jdk.internal.reflect.NativeMethodAccessorImpl.invoke(NativeMethodAccessorImpl.java:62)
	at java.base/jdk.internal.reflect.DelegatingMethodAccessorImpl.invoke(DelegatingMethodAccessorImpl.java:43)
	at java.base/java.lang.reflect.Method.invoke(Method.java:566)
	at org.gradle.internal.dispatch.ReflectionDispatch.dispatch(ReflectionDispatch.java:36)
	at org.gradle.internal.dispatch.ReflectionDispatch.dispatch(ReflectionDispatch.java:24)
	at org.gradle.internal.dispatch.ContextClassLoaderDispatch.dispatch(ContextClassLoaderDispatch.java:33)
	at org.gradle.internal.dispatch.ProxyDispatchAdapter$DispatchingInvocationHandler.invoke(ProxyDispatchAdapter.java:94)
	at com.sun.proxy.$Proxy2.processTestClass(Unknown Source)
	at org.gradle.api.internal.tasks.testing.worker.TestWorker.processTestClass(TestWorker.java:121)
	at java.base/jdk.internal.reflect.NativeMethodAccessorImpl.invoke0(Native Method)
	at java.base/jdk.internal.reflect.NativeMethodAccessorImpl.invoke(NativeMethodAccessorImpl.java:62)
	at java.base/jdk.internal.reflect.DelegatingMethodAccessorImpl.invoke(DelegatingMethodAccessorImpl.java:43)
	at java.base/java.lang.reflect.Method.invoke(Method.java:566)
	at org.gradle.internal.dispatch.ReflectionDispatch.dispatch(ReflectionDispatch.java:36)
	at org.gradle.internal.dispatch.ReflectionDispatch.dispatch(ReflectionDispatch.java:24)
	at org.gradle.internal.remote.internal.hub.MessageHubBackedObjectConnection$DispatchWrapper.dispatch(MessageHubBackedObjectConnection.java:182)
	at org.gradle.internal.remote.internal.hub.MessageHubBackedObjectConnection$DispatchWrapper.dispatch(MessageHubBackedObjectConnection.java:164)
	at org.gradle.internal.remote.internal.hub.MessageHub$Handler.run(MessageHub.java:414)
	at org.gradle.internal.concurrent.ExecutorPolicy$CatchAndRecordFailures.onExecute(ExecutorPolicy.java:64)
	at org.gradle.internal.concurrent.ManagedExecutorImpl$1.run(ManagedExecutorImpl.java:48)
	at java.base/java.util.concurrent.ThreadPoolExecutor.runWorker(ThreadPoolExecutor.java:1128)
	at java.base/java.util.concurrent.ThreadPoolExecutor$Worker.run(ThreadPoolExecutor.java:628)
	at org.gradle.internal.concurrent.ThreadFactoryImpl$ManagedThreadRunnable.run(ThreadFactoryImpl.java:56)
	at java.base/java.lang.Thread.run(Thread.java:829)
</failure>
  </testcase>
  <testcase name="access root endpoint, assert correct information" classname="com.example.ApplicationTest" time="0.009"/>
  <system-out><![CDATA[2022-03-26 21:28:52.854 [Test worker] INFO  ktor.test - Autoreload is disabled because the development mode is off.
2022-03-26 21:28:52.865 [Test worker] INFO  ktor.test - Application started in 0.063 seconds.
]]></system-out>
  <system-err><![CDATA[]]></system-err>
</testsuite>
